# JRE version: OpenJDK Runtime Environment (17.0.6) (build 17.0.6+0-b2043.56-10027231)
# Java VM: OpenJDK 64-Bit Server VM (17.0.6+0-b2043.56-10027231, mixed mode, tiered, compressed oops, compressed class ptrs, g1 gc, windows-amd64)
GC Precious Log:
 CPUs: 4 total, 4 available
 Memory: 7997M
 Large Page Support: Disabled
 NUMA Support: Disabled
 Compressed Oops: Enabled (32-bit)
 Heap Region Size: 1M
 Heap Min Capacity: 8M
 Heap Initial Capacity: 126M
 Heap Max Capacity: 1536M
 Pre-touch: Disabled
 Parallel Workers: 4
 Concurrent Workers: 1
 Concurrent Refinement Workers: 4
 Periodic GC: Disabled
Heap:
 garbage-first heap   total 158720K, used 99034K [0x00000000a0000000, 0x0000000100000000)
  region size 1024K, 4 young (4096K), 3 survivors (3072K)
 Metaspace       used 96663K, committed 97472K, reserved 1138688K
  class space    used 13303K, committed 13632K, reserved 1048576K
GC Heap History (20 events):
Event: 51.186 GC heap before
{Heap before GC invocations=58 (full 0):
 garbage-first heap   total 122880K, used 99328K [0x00000000a0000000, 0x0000000100000000)
  region size 1024K, 30 young (30720K), 3 survivors (3072K)
 Metaspace       used 84535K, committed 85312K, reserved 1122304K
  class space    used 11430K, committed 11776K, reserved 1048576K
}
Event: 51.194 GC heap after
{Heap after GC invocations=59 (full 0):
 garbage-first heap   total 122880K, used 73330K [0x00000000a0000000, 0x0000000100000000)
  region size 1024K, 2 young (2048K), 2 survivors (2048K)
 Metaspace       used 84535K, committed 85312K, reserved 1122304K
  class space    used 11430K, committed 11776K, reserved 1048576K
}
Event: 51.407 GC heap before
{Heap before GC invocations=59 (full 0):
 garbage-first heap   total 122880K, used 77426K [0x00000000a0000000, 0x0000000100000000)
  region size 1024K, 6 young (6144K), 2 survivors (2048K)
 Metaspace       used 85075K, committed 85824K, reserved 1130496K
  class space    used 11530K, committed 11840K, reserved 1048576K
}
Event: 51.411 GC heap after
{Heap after GC invocations=60 (full 0):
 garbage-first heap   total 122880K, used 73388K [0x00000000a0000000, 0x0000000100000000)
  region size 1024K, 1 young (1024K), 1 survivors (1024K)
 Metaspace       used 85075K, committed 85824K, reserved 1130496K
  class space    used 11530K, committed 11840K, reserved 1048576K
}
Event: 53.122 GC heap before
{Heap before GC invocations=60 (full 0):
 garbage-first heap   total 122880K, used 101036K [0x00000000a0000000, 0x0000000100000000)
  region size 1024K, 28 young (28672K), 1 survivors (1024K)
 Metaspace       used 87876K, committed 88576K, reserved 1130496K
  class space    used 12027K, committed 12352K, reserved 1048576K
}
Event: 53.128 GC heap after
{Heap after GC invocations=61 (full 0):
 garbage-first heap   total 122880K, used 75077K [0x00000000a0000000, 0x0000000100000000)
  region size 1024K, 2 young (2048K), 2 survivors (2048K)
 Metaspace       used 87876K, committed 88576K, reserved 1130496K
  class space    used 12027K, committed 12352K, reserved 1048576K
}
Event: 54.794 GC heap before
{Heap before GC invocations=61 (full 0):
 garbage-first heap   total 122880K, used 102725K [0x00000000a0000000, 0x0000000100000000)
  region size 1024K, 29 young (29696K), 2 survivors (2048K)
 Metaspace       used 88794K, committed 89536K, reserved 1130496K
  class space    used 12159K, committed 12480K, reserved 1048576K
}
Event: 54.803 GC heap after
{Heap after GC invocations=62 (full 0):
 garbage-first heap   total 122880K, used 78508K [0x00000000a0000000, 0x0000000100000000)
  region size 1024K, 4 young (4096K), 4 survivors (4096K)
 Metaspace       used 88794K, committed 89536K, reserved 1130496K
  class space    used 12159K, committed 12480K, reserved 1048576K
}
Event: 60.364 GC heap before
{Heap before GC invocations=62 (full 0):
 garbage-first heap   total 122880K, used 103084K [0x00000000a0000000, 0x0000000100000000)
  region size 1024K, 28 young (28672K), 4 survivors (4096K)
 Metaspace       used 89886K, committed 90624K, reserved 1130496K
  class space    used 12312K, committed 12672K, reserved 1048576K
}
Event: 60.385 GC heap after
{Heap after GC invocations=63 (full 0):
 garbage-first heap   total 122880K, used 82722K [0x00000000a0000000, 0x0000000100000000)
  region size 1024K, 4 young (4096K), 4 survivors (4096K)
 Metaspace       used 89886K, committed 90624K, reserved 1130496K
  class space    used 12312K, committed 12672K, reserved 1048576K
}
Event: 61.962 GC heap before
{Heap before GC invocations=63 (full 0):
 garbage-first heap   total 122880K, used 104226K [0x00000000a0000000, 0x0000000100000000)
  region size 1024K, 24 young (24576K), 4 survivors (4096K)
 Metaspace       used 90303K, committed 91136K, reserved 1130496K
  class space    used 12363K, committed 12736K, reserved 1048576K
}
Event: 61.978 GC heap after
{Heap after GC invocations=64 (full 0):
 garbage-first heap   total 122880K, used 88381K [0x00000000a0000000, 0x0000000100000000)
  region size 1024K, 3 young (3072K), 3 survivors (3072K)
 Metaspace       used 90303K, committed 91136K, reserved 1130496K
  class space    used 12363K, committed 12736K, reserved 1048576K
}
Event: 62.752 GC heap before
{Heap before GC invocations=65 (full 0):
 garbage-first heap   total 158720K, used 102717K [0x00000000a0000000, 0x0000000100000000)
  region size 1024K, 17 young (17408K), 3 survivors (3072K)
 Metaspace       used 90934K, committed 91712K, reserved 1130496K
  class space    used 12468K, committed 12800K, reserved 1048576K
}
Event: 62.760 GC heap after
{Heap after GC invocations=66 (full 0):
 garbage-first heap   total 158720K, used 91606K [0x00000000a0000000, 0x0000000100000000)
  region size 1024K, 3 young (3072K), 3 survivors (3072K)
 Metaspace       used 90934K, committed 91712K, reserved 1130496K
  class space    used 12468K, committed 12800K, reserved 1048576K
}
Event: 63.127 GC heap before
{Heap before GC invocations=66 (full 0):
 garbage-first heap   total 158720K, used 95702K [0x00000000a0000000, 0x0000000100000000)
  region size 1024K, 7 young (7168K), 3 survivors (3072K)
 Metaspace       used 91256K, committed 92096K, reserved 1130496K
  class space    used 12552K, committed 12928K, reserved 1048576K
}
Event: 63.135 GC heap after
{Heap after GC invocations=67 (full 0):
 garbage-first heap   total 158720K, used 92387K [0x00000000a0000000, 0x0000000100000000)
  region size 1024K, 1 young (1024K), 1 survivors (1024K)
 Metaspace       used 91256K, committed 92096K, reserved 1130496K
  class space    used 12552K, committed 12928K, reserved 1048576K
}
Event: 65.413 GC heap before
{Heap before GC invocations=67 (full 0):
 garbage-first heap   total 158720K, used 120035K [0x00000000a0000000, 0x0000000100000000)
  region size 1024K, 29 young (29696K), 1 survivors (1024K)
 Metaspace       used 92308K, committed 93056K, reserved 1130496K
  class space    used 12667K, committed 12992K, reserved 1048576K
}
Event: 65.425 GC heap after
{Heap after GC invocations=68 (full 0):
 garbage-first heap   total 158720K, used 96699K [0x00000000a0000000, 0x0000000100000000)
  region size 1024K, 4 young (4096K), 4 survivors (4096K)
 Metaspace       used 92308K, committed 93056K, reserved 1130496K
  class space    used 12667K, committed 12992K, reserved 1048576K
}
Event: 67.500 GC heap before
{Heap before GC invocations=68 (full 0):
 garbage-first heap   total 158720K, used 124347K [0x00000000a0000000, 0x0000000100000000)
  region size 1024K, 31 young (31744K), 4 survivors (4096K)
 Metaspace       used 96588K, committed 97408K, reserved 1138688K
  class space    used 13292K, committed 13632K, reserved 1048576K
}
Event: 67.513 GC heap after
{Heap after GC invocations=69 (full 0):
 garbage-first heap   total 158720K, used 99034K [0x00000000a0000000, 0x0000000100000000)
  region size 1024K, 3 young (3072K), 3 survivors (3072K)
 Metaspace       used 96588K, committed 97408K, reserved 1138688K
  class space    used 13292K, committed 13632K, reserved 1048576K
}

